<testsuites id="" name="" tests="255" failures="162" skipped="0" errors="0" time="410.728948">
<testsuite name="tests/accessibility.spec.ts" timestamp="2025-06-22T11:57:49.616Z" hostname="Desktop Chrome" tests="8" failures="4" skipped="0" time="44.246" errors="0">
<testcase name="Accessibility Testing › should have proper page title" classname="tests/accessibility.spec.ts" time="3.469">
</testcase>
<testcase name="Accessibility Testing › should have proper heading structure" classname="tests/accessibility.spec.ts" time="3.463">
</testcase>
<testcase name="Accessibility Testing › should support keyboard navigation" classname="tests/accessibility.spec.ts" time="9.38">
<failure message="accessibility.spec.ts:19:7 should support keyboard navigation" type="FAILURE">
<![CDATA[  [Desktop Chrome] › tests/accessibility.spec.ts:19:7 › Accessibility Testing › should support keyboard navigation 

    Error: Timed out 5000ms waiting for expect(locator).toBeFocused()

    Locator: getByTestId('search-input')
    Expected: focused
    Received: inactive
    Call log:
      - Expect "toBeFocused" with timeout 5000ms
      - waiting for getByTestId('search-input')
        8 × locator resolved to <input value="" aria-invalid="false" data-variant="default" id="mantine-adii2yem5" data-testid="search-input" placeholder="Search for books, authors, or genres..." class="m_8fb7ebe7 mantine-Input-input mantine-TextInput-input"/>
          - unexpected value "inactive"


      20 |     // Test tab navigation through interactive elements
      21 |     await page.keyboard.press("Tab"); // Should focus search input
    > 22 |     await expect(page.getByTestId("search-input")).toBeFocused();
         |                                                    ^
      23 |
      24 |     await page.keyboard.press("Tab"); // Should focus search button
      25 |     await expect(page.getByTestId("search-button")).toBeFocused();
        at /home/lain/ite368/book-test/e2e/tests/accessibility.spec.ts:22:52

    attachment #1: screenshot (image/png) ──────────────────────────────────────────────────────────
    test-results/tests-accessibility-Access-c80a5-support-keyboard-navigation-Desktop-Chrome/test-failed-1.png
    ────────────────────────────────────────────────────────────────────────────────────────────────

    attachment #2: video (video/webm) ──────────────────────────────────────────────────────────────
    test-results/tests-accessibility-Access-c80a5-support-keyboard-navigation-Desktop-Chrome/video.webm
    ────────────────────────────────────────────────────────────────────────────────────────────────

    Error Context: ../test-results/tests-accessibility-Access-c80a5-support-keyboard-navigation-Desktop-Chrome/error-context.md
]]>
</failure>
<system-out>
<![CDATA[
[[ATTACHMENT|tests-accessibility-Access-c80a5-support-keyboard-navigation-Desktop-Chrome/test-failed-1.png]]

[[ATTACHMENT|tests-accessibility-Access-c80a5-support-keyboard-navigation-Desktop-Chrome/video.webm]]

[[ATTACHMENT|tests-accessibility-Access-c80a5-support-keyboard-navigation-Desktop-Chrome/error-context.md]]
]]>
</system-out>
</testcase>
<testcase name="Accessibility Testing › should support Enter key for search" classname="tests/accessibility.spec.ts" time="4.392">
</testcase>
<testcase name="Accessibility Testing › should support Escape key for modal closing" classname="tests/accessibility.spec.ts" time="9.589">
<failure message="accessibility.spec.ts:40:7 should support Escape key for modal closing" type="FAILURE">
<![CDATA[  [Desktop Chrome] › tests/accessibility.spec.ts:40:7 › Accessibility Testing › should support Escape key for modal closing 

    Error: Timed out 5000ms waiting for expect(locator).toBeVisible()

    Locator: getByTestId('login-modal')
    Expected: visible
    Received: hidden
    Call log:
      - Expect "toBeVisible" with timeout 5000ms
      - waiting for getByTestId('login-modal')
        8 × locator resolved to <div data-testid="login-modal" class="m_9df02822 mantine-Modal-root">…</div>
          - unexpected value "hidden"


      41 |     // Open login modal
      42 |     await page.getByTestId("login-button").click();
    > 43 |     await expect(page.getByTestId("login-modal")).toBeVisible();
         |                                                   ^
      44 |
      45 |     // Close with Escape key
      46 |     await page.keyboard.press("Escape");
        at /home/lain/ite368/book-test/e2e/tests/accessibility.spec.ts:43:51

    attachment #1: screenshot (image/png) ──────────────────────────────────────────────────────────
    test-results/tests-accessibility-Access-028f7-scape-key-for-modal-closing-Desktop-Chrome/test-failed-1.png
    ────────────────────────────────────────────────────────────────────────────────────────────────

    attachment #2: video (video/webm) ──────────────────────────────────────────────────────────────
    test-results/tests-accessibility-Access-028f7-scape-key-for-modal-closing-Desktop-Chrome/video.webm
    ────────────────────────────────────────────────────────────────────────────────────────────────

    Error Context: ../test-results/tests-accessibility-Access-028f7-scape-key-for-modal-closing-Desktop-Chrome/error-context.md
]]>
</failure>
<system-out>
<![CDATA[
[[ATTACHMENT|tests-accessibility-Access-028f7-scape-key-for-modal-closing-Desktop-Chrome/test-failed-1.png]]

[[ATTACHMENT|tests-accessibility-Access-028f7-scape-key-for-modal-closing-Desktop-Chrome/video.webm]]

[[ATTACHMENT|tests-accessibility-Access-028f7-scape-key-for-modal-closing-Desktop-Chrome/error-context.md]]
]]>
</system-out>
</testcase>
<testcase name="Accessibility Testing › should have proper form labels" classname="tests/accessibility.spec.ts" time="4.687">
</testcase>
<testcase name="Accessibility Testing › should have sufficient color contrast" classname="tests/accessibility.spec.ts" time="2.226">
<failure message="accessibility.spec.ts:58:7 should have sufficient color contrast" type="FAILURE">
<![CDATA[  [Desktop Chrome] › tests/accessibility.spec.ts:58:7 › Accessibility Testing › should have sufficient color contrast 

    Error: expect.toBeVisible: Error: strict mode violation: getByText('BookWorks') resolved to 2 elements:
        1) <p data-size="xl" class="mantine-focus-auto m_b6d8b162 mantine-Text-root">BookWorks</p> aka getByText('BookWorks', { exact: true })
        2) <title>BookWorks - Online Bookstore</title> aka getByText('BookWorks - Online Bookstore')

    Call log:
      - Expect "toBeVisible" with timeout 5000ms
      - waiting for getByText('BookWorks')


      59 |     // This would typically use axe-core or similar tool
      60 |     // For now, we check that important text is visible
    > 61 |     await expect(page.getByText("BookWorks")).toBeVisible();
         |                                               ^
      62 |     await expect(page.getByText("Discover Your Next Great Read")).toBeVisible();
      63 |   });
      64 |
        at /home/lain/ite368/book-test/e2e/tests/accessibility.spec.ts:61:47

    attachment #1: screenshot (image/png) ──────────────────────────────────────────────────────────
    test-results/tests-accessibility-Access-698de-e-sufficient-color-contrast-Desktop-Chrome/test-failed-1.png
    ────────────────────────────────────────────────────────────────────────────────────────────────

    attachment #2: video (video/webm) ──────────────────────────────────────────────────────────────
    test-results/tests-accessibility-Access-698de-e-sufficient-color-contrast-Desktop-Chrome/video.webm
    ────────────────────────────────────────────────────────────────────────────────────────────────

    Error Context: ../test-results/tests-accessibility-Access-698de-e-sufficient-color-contrast-Desktop-Chrome/error-context.md
]]>
</failure>
<system-out>
<![CDATA[
[[ATTACHMENT|tests-accessibility-Access-698de-e-sufficient-color-contrast-Desktop-Chrome/test-failed-1.png]]

[[ATTACHMENT|tests-accessibility-Access-698de-e-sufficient-color-contrast-Desktop-Chrome/video.webm]]

[[ATTACHMENT|tests-accessibility-Access-698de-e-sufficient-color-contrast-Desktop-Chrome/error-context.md]]
]]>
</system-out>
</testcase>
<testcase name="Accessibility Testing › should work with screen reader simulation" classname="tests/accessibility.spec.ts" time="7.04">
<failure message="accessibility.spec.ts:65:7 should work with screen reader simulation" type="FAILURE">
<![CDATA[  [Desktop Chrome] › tests/accessibility.spec.ts:65:7 › Accessibility Testing › should work with screen reader simulation 

    Error: Timed out 5000ms waiting for expect(locator).toHaveAttribute(expected)

    Locator: getByTestId('cart-button')
    Expected string: "button"
    Received string: ""
    Call log:
      - Expect "toHaveAttribute" with timeout 5000ms
      - waiting for getByTestId('cart-button')
        8 × locator resolved to <button type="button" data-size="lg" data-variant="light" data-testid="cart-button" class="mantine-focus-auto mantine-active m_8d3f4000 mantine-ActionIcon-root m_87cf2631 mantine-UnstyledButton-root">…</button>
          - unexpected value "null"


      66 |     // Test aria-labels and roles
      67 |     const cartButton = page.getByTestId("cart-button");
    > 68 |     await expect(cartButton).toHaveAttribute("role", "button");
         |                              ^
      69 |
      70 |     // Test that important content has proper semantic meaning
      71 |     await expect(page.locator("main")).toBeVisible();
        at /home/lain/ite368/book-test/e2e/tests/accessibility.spec.ts:68:30

    attachment #1: screenshot (image/png) ──────────────────────────────────────────────────────────
    test-results/tests-accessibility-Access-5b56c-th-screen-reader-simulation-Desktop-Chrome/test-failed-1.png
    ────────────────────────────────────────────────────────────────────────────────────────────────

    attachment #2: video (video/webm) ──────────────────────────────────────────────────────────────
    test-results/tests-accessibility-Access-5b56c-th-screen-reader-simulation-Desktop-Chrome/video.webm
    ────────────────────────────────────────────────────────────────────────────────────────────────

    Error Context: ../test-results/tests-accessibility-Access-5b56c-th-screen-reader-simulation-Desktop-Chrome/error-context.md
]]>
</failure>
<system-out>
<![CDATA[
[[ATTACHMENT|tests-accessibility-Access-5b56c-th-screen-reader-simulation-Desktop-Chrome/test-failed-1.png]]

[[ATTACHMENT|tests-accessibility-Access-5b56c-th-screen-reader-simulation-Desktop-Chrome/video.webm]]

[[ATTACHMENT|tests-accessibility-Access-5b56c-th-screen-reader-simulation-Desktop-Chrome/error-context.md]]
]]>
</system-out>
</testcase>
</testsuite>
<testsuite name="tests/basics.spec.js" timestamp="2025-06-22T11:57:49.616Z" hostname="Desktop Chrome" tests="2" failures="0" skipped="0" time="3.911" errors="0">
<testcase name="basic functionality test" classname="tests/basics.spec.js" time="2.385">
</testcase>
<testcase name="local app test" classname="tests/basics.spec.js" time="1.526">
</testcase>
</testsuite>
<testsuite name="tests/cart.spec.ts" timestamp="2025-06-22T11:57:49.616Z" hostname="Desktop Chrome" tests="9" failures="8" skipped="0" time="67.127" errors="0">
<testcase name="Shopping Cart Functionality › should add single book to cart" classname="tests/cart.spec.ts" time="7.441">
<failure message="cart.spec.ts:12:7 should add single book to cart" type="FAILURE">
<![CDATA[  [Desktop Chrome] › tests/cart.spec.ts:12:7 › Shopping Cart Functionality › should add single book to cart › Add book to cart 

    Error: Timed out 4000ms waiting for expect(locator).not.toBeVisible()

    Locator: locator('[class*="notification"]').first()
    Expected: not visible
    Received: visible
    Call log:
      - Expect "not toBeVisible" with timeout 4000ms
      - waiting for locator('[class*="notification"]').first()
        8 × locator resolved to <div role="alert" id="mantine-n34fdekkt" class="m_5ed0edd0 mantine-Notifications-notification m_a513464 mantine-Notification-root">…</div>
          - unexpected value "visible"


       at page-objects/CartPage.ts:27

      25 |     const notification = this.page.locator('[class*="notification"]').first();
      26 |     await expect(notification).toBeVisible();
    > 27 |     await expect(notification).not.toBeVisible({ timeout: 4000 });
         |                                    ^
      28 |   }
      29 |
      30 |   async addFirstBookToCart() {
        at CartPage.addBookToCart (/home/lain/ite368/book-test/e2e/page-objects/CartPage.ts:27:36)
        at /home/lain/ite368/book-test/e2e/tests/cart.spec.ts:18:7
        at /home/lain/ite368/book-test/e2e/tests/cart.spec.ts:17:5

    attachment #1: screenshot (image/png) ──────────────────────────────────────────────────────────
    test-results/tests-cart-Shopping-Cart-F-51687-uld-add-single-book-to-cart-Desktop-Chrome/test-failed-1.png
    ────────────────────────────────────────────────────────────────────────────────────────────────

    attachment #2: video (video/webm) ──────────────────────────────────────────────────────────────
    test-results/tests-cart-Shopping-Cart-F-51687-uld-add-single-book-to-cart-Desktop-Chrome/video.webm
    ────────────────────────────────────────────────────────────────────────────────────────────────

    Error Context: ../test-results/tests-cart-Shopping-Cart-F-51687-uld-add-single-book-to-cart-Desktop-Chrome/error-context.md
]]>
</failure>
<system-out>
<![CDATA[
[[ATTACHMENT|tests-cart-Shopping-Cart-F-51687-uld-add-single-book-to-cart-Desktop-Chrome/test-failed-1.png]]

[[ATTACHMENT|tests-cart-Shopping-Cart-F-51687-uld-add-single-book-to-cart-Desktop-Chrome/video.webm]]

[[ATTACHMENT|tests-cart-Shopping-Cart-F-51687-uld-add-single-book-to-cart-Desktop-Chrome/error-context.md]]
]]>
</system-out>
</testcase>
<testcase name="Shopping Cart Functionality › should add multiple different books to cart" classname="tests/cart.spec.ts" time="7.409">
<failure message="cart.spec.ts:30:7 should add multiple different books to cart" type="FAILURE">
<![CDATA[  [Desktop Chrome] › tests/cart.spec.ts:30:7 › Shopping Cart Functionality › should add multiple different books to cart 

    Error: Timed out 4000ms waiting for expect(locator).not.toBeVisible()

    Locator: locator('[class*="notification"]').first()
    Expected: not visible
    Received: visible
    Call log:
      - Expect "not toBeVisible" with timeout 4000ms
      - waiting for locator('[class*="notification"]').first()
        8 × locator resolved to <div role="alert" id="mantine-9kwqeygry" class="m_5ed0edd0 mantine-Notifications-notification m_a513464 mantine-Notification-root">…</div>
          - unexpected value "visible"


       at page-objects/CartPage.ts:27

      25 |     const notification = this.page.locator('[class*="notification"]').first();
      26 |     await expect(notification).toBeVisible();
    > 27 |     await expect(notification).not.toBeVisible({ timeout: 4000 });
         |                                    ^
      28 |   }
      29 |
      30 |   async addFirstBookToCart() {
        at CartPage.addBookToCart (/home/lain/ite368/book-test/e2e/page-objects/CartPage.ts:27:36)
        at /home/lain/ite368/book-test/e2e/tests/cart.spec.ts:31:5

    attachment #1: screenshot (image/png) ──────────────────────────────────────────────────────────
    test-results/tests-cart-Shopping-Cart-F-faa3f-ple-different-books-to-cart-Desktop-Chrome/test-failed-1.png
    ────────────────────────────────────────────────────────────────────────────────────────────────

    attachment #2: video (video/webm) ──────────────────────────────────────────────────────────────
    test-results/tests-cart-Shopping-Cart-F-faa3f-ple-different-books-to-cart-Desktop-Chrome/video.webm
    ────────────────────────────────────────────────────────────────────────────────────────────────

    Error Context: ../test-results/tests-cart-Shopping-Cart-F-faa3f-ple-different-books-to-cart-Desktop-Chrome/error-context.md
]]>
</failure>
<system-out>
<![CDATA[
[[ATTACHMENT|tests-cart-Shopping-Cart-F-faa3f-ple-different-books-to-cart-Desktop-Chrome/test-failed-1.png]]

[[ATTACHMENT|tests-cart-Shopping-Cart-F-faa3f-ple-different-books-to-cart-Desktop-Chrome/video.webm]]

[[ATTACHMENT|tests-cart-Shopping-Cart-F-faa3f-ple-different-books-to-cart-Desktop-Chrome/error-context.md]]
]]>
</system-out>
</testcase>
<testcase name="Shopping Cart Functionality › should increment quantity when adding same book multiple times" classname="tests/cart.spec.ts" time="7.713">
<failure message="cart.spec.ts:42:7 should increment quantity when adding same book multiple times" type="FAILURE">
<![CDATA[  [Desktop Chrome] › tests/cart.spec.ts:42:7 › Shopping Cart Functionality › should increment quantity when adding same book multiple times 

    Error: Timed out 4000ms waiting for expect(locator).not.toBeVisible()

    Locator: locator('[class*="notification"]').first()
    Expected: not visible
    Received: visible
    Call log:
      - Expect "not toBeVisible" with timeout 4000ms
      - waiting for locator('[class*="notification"]').first()
        7 × locator resolved to <div role="alert" id="mantine-2mxu1hxd3" class="m_5ed0edd0 mantine-Notifications-notification m_a513464 mantine-Notification-root">…</div>
          - unexpected value "visible"


       at page-objects/CartPage.ts:27

      25 |     const notification = this.page.locator('[class*="notification"]').first();
      26 |     await expect(notification).toBeVisible();
    > 27 |     await expect(notification).not.toBeVisible({ timeout: 4000 });
         |                                    ^
      28 |   }
      29 |
      30 |   async addFirstBookToCart() {
        at CartPage.addBookToCart (/home/lain/ite368/book-test/e2e/page-objects/CartPage.ts:27:36)
        at /home/lain/ite368/book-test/e2e/tests/cart.spec.ts:44:5

    attachment #1: screenshot (image/png) ──────────────────────────────────────────────────────────
    test-results/tests-cart-Shopping-Cart-F-7099b-ng-same-book-multiple-times-Desktop-Chrome/test-failed-1.png
    ────────────────────────────────────────────────────────────────────────────────────────────────

    attachment #2: video (video/webm) ──────────────────────────────────────────────────────────────
    test-results/tests-cart-Shopping-Cart-F-7099b-ng-same-book-multiple-times-Desktop-Chrome/video.webm
    ────────────────────────────────────────────────────────────────────────────────────────────────

    Error Context: ../test-results/tests-cart-Shopping-Cart-F-7099b-ng-same-book-multiple-times-Desktop-Chrome/error-context.md
]]>
</failure>
<system-out>
<![CDATA[
[[ATTACHMENT|tests-cart-Shopping-Cart-F-7099b-ng-same-book-multiple-times-Desktop-Chrome/test-failed-1.png]]

[[ATTACHMENT|tests-cart-Shopping-Cart-F-7099b-ng-same-book-multiple-times-Desktop-Chrome/video.webm]]

[[ATTACHMENT|tests-cart-Shopping-Cart-F-7099b-ng-same-book-multiple-times-Desktop-Chrome/error-context.md]]
]]>
</system-out>
</testcase>
<testcase name="Shopping Cart Functionality › should remove book from cart" classname="tests/cart.spec.ts" time="7.666">
<failure message="cart.spec.ts:56:7 should remove book from cart" type="FAILURE">
<![CDATA[  [Desktop Chrome] › tests/cart.spec.ts:56:7 › Shopping Cart Functionality › should remove book from cart 

    Error: Timed out 4000ms waiting for expect(locator).not.toBeVisible()

    Locator: locator('[class*="notification"]').first()
    Expected: not visible
    Received: visible
    Call log:
      - Expect "not toBeVisible" with timeout 4000ms
      - waiting for locator('[class*="notification"]').first()
        7 × locator resolved to <div role="alert" id="mantine-v6fhimkvq" class="m_5ed0edd0 mantine-Notifications-notification m_a513464 mantine-Notification-root">…</div>
          - unexpected value "visible"


       at page-objects/CartPage.ts:27

      25 |     const notification = this.page.locator('[class*="notification"]').first();
      26 |     await expect(notification).toBeVisible();
    > 27 |     await expect(notification).not.toBeVisible({ timeout: 4000 });
         |                                    ^
      28 |   }
      29 |
      30 |   async addFirstBookToCart() {
        at CartPage.addBookToCart (/home/lain/ite368/book-test/e2e/page-objects/CartPage.ts:27:36)
        at /home/lain/ite368/book-test/e2e/tests/cart.spec.ts:58:5

    attachment #1: screenshot (image/png) ──────────────────────────────────────────────────────────
    test-results/tests-cart-Shopping-Cart-F-c19a7-hould-remove-book-from-cart-Desktop-Chrome/test-failed-1.png
    ────────────────────────────────────────────────────────────────────────────────────────────────

    attachment #2: video (video/webm) ──────────────────────────────────────────────────────────────
    test-results/tests-cart-Shopping-Cart-F-c19a7-hould-remove-book-from-cart-Desktop-Chrome/video.webm
    ────────────────────────────────────────────────────────────────────────────────────────────────

    Error Context: ../test-results/tests-cart-Shopping-Cart-F-c19a7-hould-remove-book-from-cart-Desktop-Chrome/error-context.md
]]>
</failure>
<system-out>
<![CDATA[
[[ATTACHMENT|tests-cart-Shopping-Cart-F-c19a7-hould-remove-book-from-cart-Desktop-Chrome/test-failed-1.png]]

[[ATTACHMENT|tests-cart-Shopping-Cart-F-c19a7-hould-remove-book-from-cart-Desktop-Chrome/video.webm]]

[[ATTACHMENT|tests-cart-Shopping-Cart-F-c19a7-hould-remove-book-from-cart-Desktop-Chrome/error-context.md]]
]]>
</system-out>
</testcase>
<testcase name="Shopping Cart Functionality › should display correct cart total" classname="tests/cart.spec.ts" time="8.078">
<failure message="cart.spec.ts:69:7 should display correct cart total" type="FAILURE">
<![CDATA[  [Desktop Chrome] › tests/cart.spec.ts:69:7 › Shopping Cart Functionality › should display correct cart total 

    Error: Timed out 4000ms waiting for expect(locator).not.toBeVisible()

    Locator: locator('[class*="notification"]').first()
    Expected: not visible
    Received: visible
    Call log:
      - Expect "not toBeVisible" with timeout 4000ms
      - waiting for locator('[class*="notification"]').first()
        8 × locator resolved to <div role="alert" id="mantine-hbj8yug9d" class="m_5ed0edd0 mantine-Notifications-notification m_a513464 mantine-Notification-root">…</div>
          - unexpected value "visible"


       at page-objects/CartPage.ts:27

      25 |     const notification = this.page.locator('[class*="notification"]').first();
      26 |     await expect(notification).toBeVisible();
    > 27 |     await expect(notification).not.toBeVisible({ timeout: 4000 });
         |                                    ^
      28 |   }
      29 |
      30 |   async addFirstBookToCart() {
        at CartPage.addBookToCart (/home/lain/ite368/book-test/e2e/page-objects/CartPage.ts:27:36)
        at /home/lain/ite368/book-test/e2e/tests/cart.spec.ts:71:5

    attachment #1: screenshot (image/png) ──────────────────────────────────────────────────────────
    test-results/tests-cart-Shopping-Cart-F-2cd98--display-correct-cart-total-Desktop-Chrome/test-failed-1.png
    ────────────────────────────────────────────────────────────────────────────────────────────────

    attachment #2: video (video/webm) ──────────────────────────────────────────────────────────────
    test-results/tests-cart-Shopping-Cart-F-2cd98--display-correct-cart-total-Desktop-Chrome/video.webm
    ────────────────────────────────────────────────────────────────────────────────────────────────

    Error Context: ../test-results/tests-cart-Shopping-Cart-F-2cd98--display-correct-cart-total-Desktop-Chrome/error-context.md
]]>
</failure>
<system-out>
<![CDATA[
[[ATTACHMENT|tests-cart-Shopping-Cart-F-2cd98--display-correct-cart-total-Desktop-Chrome/test-failed-1.png]]

[[ATTACHMENT|tests-cart-Shopping-Cart-F-2cd98--display-correct-cart-total-Desktop-Chrome/video.webm]]

[[ATTACHMENT|tests-cart-Shopping-Cart-F-2cd98--display-correct-cart-total-Desktop-Chrome/error-context.md]]
]]>
</system-out>
</testcase>
<testcase name="Shopping Cart Functionality › should show empty cart message when no items" classname="tests/cart.spec.ts" time="8.493">
<failure message="cart.spec.ts:78:7 should show empty cart message when no items" type="FAILURE">
<![CDATA[  [Desktop Chrome] › tests/cart.spec.ts:78:7 › Shopping Cart Functionality › should show empty cart message when no items 

    Error: Timed out 5000ms waiting for expect(locator).toBeVisible()

    Locator: getByTestId('cart-modal')
    Expected: visible
    Received: hidden
    Call log:
      - Expect "toBeVisible" with timeout 5000ms
      - waiting for getByTestId('cart-modal')
        8 × locator resolved to <div data-size="md" data-testid="cart-modal" class="m_9df02822 mantine-Modal-root">…</div>
          - unexpected value "hidden"


       at page-objects/CartPage.ts:37

      35 |   async openCart() {
      36 |     await this.clickCart();
    > 37 |     await expect(this.cartModal).toBeVisible();
         |                                  ^
      38 |   }
      39 |
      40 |   async closeCart() {
        at CartPage.openCart (/home/lain/ite368/book-test/e2e/page-objects/CartPage.ts:37:34)
        at CartPage.expectEmptyCart (/home/lain/ite368/book-test/e2e/page-objects/CartPage.ts:69:5)
        at /home/lain/ite368/book-test/e2e/tests/cart.spec.ts:79:5

    attachment #1: screenshot (image/png) ──────────────────────────────────────────────────────────
    test-results/tests-cart-Shopping-Cart-F-1b82d--cart-message-when-no-items-Desktop-Chrome/test-failed-1.png
    ────────────────────────────────────────────────────────────────────────────────────────────────

    attachment #2: video (video/webm) ──────────────────────────────────────────────────────────────
    test-results/tests-cart-Shopping-Cart-F-1b82d--cart-message-when-no-items-Desktop-Chrome/video.webm
    ────────────────────────────────────────────────────────────────────────────────────────────────

    Error Context: ../test-results/tests-cart-Shopping-Cart-F-1b82d--cart-message-when-no-items-Desktop-Chrome/error-context.md
]]>
</failure>
<system-out>
<![CDATA[
[[ATTACHMENT|tests-cart-Shopping-Cart-F-1b82d--cart-message-when-no-items-Desktop-Chrome/test-failed-1.png]]

[[ATTACHMENT|tests-cart-Shopping-Cart-F-1b82d--cart-message-when-no-items-Desktop-Chrome/video.webm]]

[[ATTACHMENT|tests-cart-Shopping-Cart-F-1b82d--cart-message-when-no-items-Desktop-Chrome/error-context.md]]
]]>
</system-out>
</testcase>
<testcase name="Shopping Cart Functionality › should open and close cart modal" classname="tests/cart.spec.ts" time="8.078">
<failure message="cart.spec.ts:82:7 should open and close cart modal" type="FAILURE">
<![CDATA[  [Desktop Chrome] › tests/cart.spec.ts:82:7 › Shopping Cart Functionality › should open and close cart modal 

    Error: Timed out 5000ms waiting for expect(locator).toBeVisible()

    Locator: getByTestId('cart-modal')
    Expected: visible
    Received: hidden
    Call log:
      - Expect "toBeVisible" with timeout 5000ms
      - waiting for getByTestId('cart-modal')
        9 × locator resolved to <div data-size="md" data-testid="cart-modal" class="m_9df02822 mantine-Modal-root">…</div>
          - unexpected value "hidden"


       at page-objects/CartPage.ts:37

      35 |   async openCart() {
      36 |     await this.clickCart();
    > 37 |     await expect(this.cartModal).toBeVisible();
         |                                  ^
      38 |   }
      39 |
      40 |   async closeCart() {
        at CartPage.openCart (/home/lain/ite368/book-test/e2e/page-objects/CartPage.ts:37:34)
        at /home/lain/ite368/book-test/e2e/tests/cart.spec.ts:83:5

    attachment #1: screenshot (image/png) ──────────────────────────────────────────────────────────
    test-results/tests-cart-Shopping-Cart-F-a1d0e-d-open-and-close-cart-modal-Desktop-Chrome/test-failed-1.png
    ────────────────────────────────────────────────────────────────────────────────────────────────

    attachment #2: video (video/webm) ──────────────────────────────────────────────────────────────
    test-results/tests-cart-Shopping-Cart-F-a1d0e-d-open-and-close-cart-modal-Desktop-Chrome/video.webm
    ────────────────────────────────────────────────────────────────────────────────────────────────

    Error Context: ../test-results/tests-cart-Shopping-Cart-F-a1d0e-d-open-and-close-cart-modal-Desktop-Chrome/error-context.md
]]>
</failure>
<system-out>
<![CDATA[
[[ATTACHMENT|tests-cart-Shopping-Cart-F-a1d0e-d-open-and-close-cart-modal-Desktop-Chrome/test-failed-1.png]]

[[ATTACHMENT|tests-cart-Shopping-Cart-F-a1d0e-d-open-and-close-cart-modal-Desktop-Chrome/video.webm]]

[[ATTACHMENT|tests-cart-Shopping-Cart-F-a1d0e-d-open-and-close-cart-modal-Desktop-Chrome/error-context.md]]
]]>
</system-out>
</testcase>
<testcase name="Shopping Cart Functionality › should handle rapid consecutive clicks" classname="tests/cart.spec.ts" time="4.209">
</testcase>
<testcase name="Shopping Cart Functionality › should persist cart state during session" classname="tests/cart.spec.ts" time="8.04">
<failure message="cart.spec.ts:101:7 should persist cart state during session" type="FAILURE">
<![CDATA[  [Desktop Chrome] › tests/cart.spec.ts:101:7 › Shopping Cart Functionality › should persist cart state during session 

    Error: Timed out 4000ms waiting for expect(locator).not.toBeVisible()

    Locator: locator('[class*="notification"]').first()
    Expected: not visible
    Received: visible
    Call log:
      - Expect "not toBeVisible" with timeout 4000ms
      - waiting for locator('[class*="notification"]').first()
        7 × locator resolved to <div role="alert" id="mantine-e5g07pkns" class="m_5ed0edd0 mantine-Notifications-notification m_a513464 mantine-Notification-root">…</div>
          - unexpected value "visible"


       at page-objects/CartPage.ts:27

      25 |     const notification = this.page.locator('[class*="notification"]').first();
      26 |     await expect(notification).toBeVisible();
    > 27 |     await expect(notification).not.toBeVisible({ timeout: 4000 });
         |                                    ^
      28 |   }
      29 |
      30 |   async addFirstBookToCart() {
        at CartPage.addBookToCart (/home/lain/ite368/book-test/e2e/page-objects/CartPage.ts:27:36)
        at /home/lain/ite368/book-test/e2e/tests/cart.spec.ts:103:5

    attachment #1: screenshot (image/png) ──────────────────────────────────────────────────────────
    test-results/tests-cart-Shopping-Cart-F-42ad3-t-cart-state-during-session-Desktop-Chrome/test-failed-1.png
    ────────────────────────────────────────────────────────────────────────────────────────────────

    attachment #2: video (video/webm) ──────────────────────────────────────────────────────────────
    test-results/tests-cart-Shopping-Cart-F-42ad3-t-cart-state-during-session-Desktop-Chrome/video.webm
    ────────────────────────────────────────────────────────────────────────────────────────────────

    Error Context: ../test-results/tests-cart-Shopping-Cart-F-42ad3-t-cart-state-during-session-Desktop-Chrome/error-context.md
]]>
</failure>
<system-out>
<![CDATA[
[[ATTACHMENT|tests-cart-Shopping-Cart-F-42ad3-t-cart-state-during-session-Desktop-Chrome/test-failed-1.png]]

[[ATTACHMENT|tests-cart-Shopping-Cart-F-42ad3-t-cart-state-during-session-Desktop-Chrome/video.webm]]

[[ATTACHMENT|tests-cart-Shopping-Cart-F-42ad3-t-cart-state-during-session-Desktop-Chrome/error-context.md]]
]]>
</system-out>
</testcase>
</testsuite>
<testsuite name="tests/checkout.spec.ts" timestamp="2025-06-22T11:57:49.616Z" hostname="Desktop Chrome" tests="5" failures="5" skipped="0" time="36.179" errors="0">
<testcase name="Checkout Process › should complete checkout when logged in with items in cart" classname="tests/checkout.spec.ts" time="8.932">
<failure message="checkout.spec.ts:12:7 should complete checkout when logged in with items in cart" type="FAILURE">
<![CDATA[  [Desktop Chrome] › tests/checkout.spec.ts:12:7 › Checkout Process › should complete checkout when logged in with items in cart › Login user 

    Error: Timed out 5000ms waiting for expect(locator).toBeVisible()

    Locator: getByTestId('login-modal')
    Expected: visible
    Received: hidden
    Call log:
      - Expect "toBeVisible" with timeout 5000ms
      - waiting for getByTestId('login-modal')
        9 × locator resolved to <div data-testid="login-modal" class="m_9df02822 mantine-Modal-root">…</div>
          - unexpected value "hidden"


       at page-objects/LoginPage.ts:22

      20 |   async openLoginModal() {
      21 |     await this.clickLogin();
    > 22 |     await expect(this.loginModal).toBeVisible();
         |                                   ^
      23 |   }
      24 |
      25 |   async closeLoginModal() {
        at LoginPage.openLoginModal (/home/lain/ite368/book-test/e2e/page-objects/LoginPage.ts:22:35)
        at LoginPage.login (/home/lain/ite368/book-test/e2e/page-objects/LoginPage.ts:40:5)
        at CheckoutPage.checkoutAsLoggedInUser (/home/lain/ite368/book-test/e2e/page-objects/CheckoutPage.ts:19:5)
        at /home/lain/ite368/book-test/e2e/tests/checkout.spec.ts:14:7
        at /home/lain/ite368/book-test/e2e/tests/checkout.spec.ts:13:5

    attachment #1: screenshot (image/png) ──────────────────────────────────────────────────────────
    test-results/tests-checkout-Checkout-Pr-3b4ee-ogged-in-with-items-in-cart-Desktop-Chrome/test-failed-1.png
    ────────────────────────────────────────────────────────────────────────────────────────────────

    attachment #2: video (video/webm) ──────────────────────────────────────────────────────────────
    test-results/tests-checkout-Checkout-Pr-3b4ee-ogged-in-with-items-in-cart-Desktop-Chrome/video.webm
    ────────────────────────────────────────────────────────────────────────────────────────────────

    Error Context: ../test-results/tests-checkout-Checkout-Pr-3b4ee-ogged-in-with-items-in-cart-Desktop-Chrome/error-context.md
]]>
</failure>
<system-out>
<![CDATA[
[[ATTACHMENT|tests-checkout-Checkout-Pr-3b4ee-ogged-in-with-items-in-cart-Desktop-Chrome/test-failed-1.png]]

[[ATTACHMENT|tests-checkout-Checkout-Pr-3b4ee-ogged-in-with-items-in-cart-Desktop-Chrome/video.webm]]

[[ATTACHMENT|tests-checkout-Checkout-Pr-3b4ee-ogged-in-with-items-in-cart-Desktop-Chrome/error-context.md]]
]]>
</system-out>
</testcase>
<testcase name="Checkout Process › should require login when not authenticated" classname="tests/checkout.spec.ts" time="8.173">
<failure message="checkout.spec.ts:36:7 should require login when not authenticated" type="FAILURE">
<![CDATA[  [Desktop Chrome] › tests/checkout.spec.ts:36:7 › Checkout Process › should require login when not authenticated 

    Error: Timed out 4000ms waiting for expect(locator).not.toBeVisible()

    Locator: locator('[class*="notification"]').first()
    Expected: not visible
    Received: visible
    Call log:
      - Expect "not toBeVisible" with timeout 4000ms
      - waiting for locator('[class*="notification"]').first()
        8 × locator resolved to <div role="alert" id="mantine-fojlv5gib" class="m_5ed0edd0 mantine-Notifications-notification m_a513464 mantine-Notification-root">…</div>
          - unexpected value "visible"


       at page-objects/CartPage.ts:27

      25 |     const notification = this.page.locator('[class*="notification"]').first();
      26 |     await expect(notification).toBeVisible();
    > 27 |     await expect(notification).not.toBeVisible({ timeout: 4000 });
         |                                    ^
      28 |   }
      29 |
      30 |   async addFirstBookToCart() {
        at CheckoutPage.addBookToCart (/home/lain/ite368/book-test/e2e/page-objects/CartPage.ts:27:36)
        at /home/lain/ite368/book-test/e2e/tests/checkout.spec.ts:37:5

    attachment #1: screenshot (image/png) ──────────────────────────────────────────────────────────
    test-results/tests-checkout-Checkout-Pr-d6f9d-ogin-when-not-authenticated-Desktop-Chrome/test-failed-1.png
    ────────────────────────────────────────────────────────────────────────────────────────────────

    attachment #2: video (video/webm) ──────────────────────────────────────────────────────────────
    test-results/tests-checkout-Checkout-Pr-d6f9d-ogin-when-not-authenticated-Desktop-Chrome/video.webm
    ────────────────────────────────────────────────────────────────────────────────────────────────

    Error Context: ../test-results/tests-checkout-Checkout-Pr-d6f9d-ogin-when-not-authenticated-Desktop-Chrome/error-context.md
]]>
</failure>
<system-out>
<![CDATA[
[[ATTACHMENT|tests-checkout-Checkout-Pr-d6f9d-ogin-when-not-authenticated-Desktop-Chrome/test-failed-1.png]]

[[ATTACHMENT|tests-checkout-Checkout-Pr-d6f9d-ogin-when-not-authenticated-Desktop-Chrome/video.webm]]

[[ATTACHMENT|tests-checkout-Checkout-Pr-d6f9d-ogin-when-not-authenticated-Desktop-Chrome/error-context.md]]
]]>
</system-out>
</testcase>
<testcase name="Checkout Process › should prevent checkout with empty cart" classname="tests/checkout.spec.ts" time="2.841">
<failure message="checkout.spec.ts:42:7 should prevent checkout with empty cart" type="FAILURE">
<![CDATA[  [Desktop Chrome] › tests/checkout.spec.ts:42:7 › Checkout Process › should prevent checkout with empty cart 

    TypeError: (intermediate value).LoginPage is not a constructor

      42 |   test("should prevent checkout with empty cart", async () => {
      43 |     // Login first
    > 44 |     const loginPage = new (await import("../page-objects/LoginPage")).LoginPage(
         |                       ^
      45 |       checkoutPage.page,
      46 |     );
      47 |     await loginPage.login("user@bookworks.com", "password123");
        at /home/lain/ite368/book-test/e2e/tests/checkout.spec.ts:44:23

    attachment #1: screenshot (image/png) ──────────────────────────────────────────────────────────
    test-results/tests-checkout-Checkout-Pr-e73bc-nt-checkout-with-empty-cart-Desktop-Chrome/test-failed-1.png
    ────────────────────────────────────────────────────────────────────────────────────────────────

    attachment #2: video (video/webm) ──────────────────────────────────────────────────────────────
    test-results/tests-checkout-Checkout-Pr-e73bc-nt-checkout-with-empty-cart-Desktop-Chrome/video.webm
    ────────────────────────────────────────────────────────────────────────────────────────────────

    Error Context: ../test-results/tests-checkout-Checkout-Pr-e73bc-nt-checkout-with-empty-cart-Desktop-Chrome/error-context.md
]]>
</failure>
<system-out>
<![CDATA[
[[ATTACHMENT|tests-checkout-Checkout-Pr-e73bc-nt-checkout-with-empty-cart-Desktop-Chrome/test-failed-1.png]]

[[ATTACHMENT|tests-checkout-Checkout-Pr-e73bc-nt-checkout-with-empty-cart-Desktop-Chrome/video.webm]]

[[ATTACHMENT|tests-checkout-Checkout-Pr-e73bc-nt-checkout-with-empty-cart-Desktop-Chrome/error-context.md]]
]]>
</system-out>
</testcase>
<testcase name="Checkout Process › should calculate correct total for multiple items" classname="tests/checkout.spec.ts" time="8.209">
<failure message="checkout.spec.ts:55:7 should calculate correct total for multiple items" type="FAILURE">
<![CDATA[  [Desktop Chrome] › tests/checkout.spec.ts:55:7 › Checkout Process › should calculate correct total for multiple items 

    Error: Timed out 5000ms waiting for expect(locator).toBeVisible()

    Locator: getByTestId('login-modal')
    Expected: visible
    Received: hidden
    Call log:
      - Expect "toBeVisible" with timeout 5000ms
      - waiting for getByTestId('login-modal')
        8 × locator resolved to <div data-testid="login-modal" class="m_9df02822 mantine-Modal-root">…</div>
          - unexpected value "hidden"


       at page-objects/LoginPage.ts:22

      20 |   async openLoginModal() {
      21 |     await this.clickLogin();
    > 22 |     await expect(this.loginModal).toBeVisible();
         |                                   ^
      23 |   }
      24 |
      25 |   async closeLoginModal() {
        at LoginPage.openLoginModal (/home/lain/ite368/book-test/e2e/page-objects/LoginPage.ts:22:35)
        at LoginPage.login (/home/lain/ite368/book-test/e2e/page-objects/LoginPage.ts:40:5)
        at CheckoutPage.checkoutAsLoggedInUser (/home/lain/ite368/book-test/e2e/page-objects/CheckoutPage.ts:19:5)
        at /home/lain/ite368/book-test/e2e/tests/checkout.spec.ts:56:5

    attachment #1: screenshot (image/png) ──────────────────────────────────────────────────────────
    test-results/tests-checkout-Checkout-Pr-09cff-ct-total-for-multiple-items-Desktop-Chrome/test-failed-1.png
    ────────────────────────────────────────────────────────────────────────────────────────────────

    attachment #2: video (video/webm) ──────────────────────────────────────────────────────────────
    test-results/tests-checkout-Checkout-Pr-09cff-ct-total-for-multiple-items-Desktop-Chrome/video.webm
    ────────────────────────────────────────────────────────────────────────────────────────────────

    Error Context: ../test-results/tests-checkout-Checkout-Pr-09cff-ct-total-for-multiple-items-Desktop-Chrome/error-context.md
]]>
</failure>
<system-out>
<![CDATA[
[[ATTACHMENT|tests-checkout-Checkout-Pr-09cff-ct-total-for-multiple-items-Desktop-Chrome/test-failed-1.png]]

[[ATTACHMENT|tests-checkout-Checkout-Pr-09cff-ct-total-for-multiple-items-Desktop-Chrome/video.webm]]

[[ATTACHMENT|tests-checkout-Checkout-Pr-09cff-ct-total-for-multiple-items-Desktop-Chrome/error-context.md]]
]]>
</system-out>
</testcase>
<testcase name="Checkout Process › should handle checkout with quantity greater than 1" classname="tests/checkout.spec.ts" time="8.024">
<failure message="checkout.spec.ts:73:7 should handle checkout with quantity greater than 1" type="FAILURE">
<![CDATA[  [Desktop Chrome] › tests/checkout.spec.ts:73:7 › Checkout Process › should handle checkout with quantity greater than 1 

    Error: Timed out 5000ms waiting for expect(locator).toBeVisible()

    Locator: getByTestId('login-modal')
    Expected: visible
    Received: hidden
    Call log:
      - Expect "toBeVisible" with timeout 5000ms
      - waiting for getByTestId('login-modal')
        8 × locator resolved to <div data-testid="login-modal" class="m_9df02822 mantine-Modal-root">…</div>
          - unexpected value "hidden"


       at page-objects/LoginPage.ts:22

      20 |   async openLoginModal() {
      21 |     await this.clickLogin();
    > 22 |     await expect(this.loginModal).toBeVisible();
         |                                   ^
      23 |   }
      24 |
      25 |   async closeLoginModal() {
        at LoginPage.openLoginModal (/home/lain/ite368/book-test/e2e/page-objects/LoginPage.ts:22:35)
        at LoginPage.login (/home/lain/ite368/book-test/e2e/page-objects/LoginPage.ts:40:5)
        at CheckoutPage.checkoutAsLoggedInUser (/home/lain/ite368/book-test/e2e/page-objects/CheckoutPage.ts:19:5)
        at /home/lain/ite368/book-test/e2e/tests/checkout.spec.ts:74:5

    attachment #1: screenshot (image/png) ──────────────────────────────────────────────────────────
    test-results/tests-checkout-Checkout-Pr-2dbdf-ith-quantity-greater-than-1-Desktop-Chrome/test-failed-1.png
    ────────────────────────────────────────────────────────────────────────────────────────────────

    attachment #2: video (video/webm) ──────────────────────────────────────────────────────────────
    test-results/tests-checkout-Checkout-Pr-2dbdf-ith-quantity-greater-than-1-Desktop-Chrome/video.webm
    ────────────────────────────────────────────────────────────────────────────────────────────────

    Error Context: ../test-results/tests-checkout-Checkout-Pr-2dbdf-ith-quantity-greater-than-1-Desktop-Chrome/error-context.md
]]>
</failure>
<system-out>
<![CDATA[
[[ATTACHMENT|tests-checkout-Checkout-Pr-2dbdf-ith-quantity-greater-than-1-Desktop-Chrome/test-failed-1.png]]

[[ATTACHMENT|tests-checkout-Checkout-Pr-2dbdf-ith-quantity-greater-than-1-Desktop-Chrome/video.webm]]

[[ATTACHMENT|tests-checkout-Checkout-Pr-2dbdf-ith-quantity-greater-than-1-Desktop-Chrome/error-context.md]]
]]>
</system-out>
</testcase>
</testsuite>
<testsuite name="tests/complete-user.spec.ts" timestamp="2025-06-22T11:57:49.616Z" hostname="Desktop Chrome" tests="2" failures="2" skipped="0" time="15.963" errors="0">
<testcase name="Complete User Journey › should complete full user journey from search to checkout" classname="tests/complete-user.spec.ts" time="8.335">
<failure message="complete-user.spec.ts:8:7 should complete full user journey from search to checkout" type="FAILURE">
<![CDATA[  [Desktop Chrome] › tests/complete-user.spec.ts:8:7 › Complete User Journey › should complete full user journey from search to checkout › Add first book to cart 

    Error: Timed out 4000ms waiting for expect(locator).not.toBeVisible()

    Locator: locator('[class*="notification"]').first()
    Expected: not visible
    Received: visible
    Call log:
      - Expect "not toBeVisible" with timeout 4000ms
      - waiting for locator('[class*="notification"]').first()
        7 × locator resolved to <div role="alert" id="mantine-1jloscyrk" class="m_5ed0edd0 mantine-Notifications-notification m_a513464 mantine-Notification-root">…</div>
          - unexpected value "visible"


       at page-objects/CartPage.ts:27

      25 |     const notification = this.page.locator('[class*="notification"]').first();
      26 |     await expect(notification).toBeVisible();
    > 27 |     await expect(notification).not.toBeVisible({ timeout: 4000 });
         |                                    ^
      28 |   }
      29 |
      30 |   async addFirstBookToCart() {
        at CartPage.addBookToCart (/home/lain/ite368/book-test/e2e/page-objects/CartPage.ts:27:36)
        at /home/lain/ite368/book-test/e2e/tests/complete-user.spec.ts:26:7
        at /home/lain/ite368/book-test/e2e/tests/complete-user.spec.ts:25:5

    attachment #1: screenshot (image/png) ──────────────────────────────────────────────────────────
    test-results/tests-complete-user-Comple-fabe4-ney-from-search-to-checkout-Desktop-Chrome/test-failed-1.png
    ────────────────────────────────────────────────────────────────────────────────────────────────

    attachment #2: video (video/webm) ──────────────────────────────────────────────────────────────
    test-results/tests-complete-user-Comple-fabe4-ney-from-search-to-checkout-Desktop-Chrome/video.webm
    ────────────────────────────────────────────────────────────────────────────────────────────────

    Error Context: ../test-results/tests-complete-user-Comple-fabe4-ney-from-search-to-checkout-Desktop-Chrome/error-context.md
]]>
</failure>
<system-out>
<![CDATA[
[[ATTACHMENT|tests-complete-user-Comple-fabe4-ney-from-search-to-checkout-Desktop-Chrome/test-failed-1.png]]

[[ATTACHMENT|tests-complete-user-Comple-fabe4-ney-from-search-to-checkout-Desktop-Chrome/video.webm]]

[[ATTACHMENT|tests-complete-user-Comple-fabe4-ney-from-search-to-checkout-Desktop-Chrome/error-context.md]]
]]>
</system-out>
</testcase>
<testcase name="Complete User Journey › should handle guest user journey with login prompt" classname="tests/complete-user.spec.ts" time="7.628">
<failure message="complete-user.spec.ts:64:7 should handle guest user journey with login prompt" type="FAILURE">
<![CDATA[  [Desktop Chrome] › tests/complete-user.spec.ts:64:7 › Complete User Journey › should handle guest user journey with login prompt 

    Error: Timed out 4000ms waiting for expect(locator).not.toBeVisible()

    Locator: locator('[class*="notification"]').first()
    Expected: not visible
    Received: visible
    Call log:
      - Expect "not toBeVisible" with timeout 4000ms
      - waiting for locator('[class*="notification"]').first()
        7 × locator resolved to <div role="alert" id="mantine-7hbi7p8jd" class="m_5ed0edd0 mantine-Notifications-notification m_a513464 mantine-Notification-root">…</div>
          - unexpected value "visible"


       at page-objects/CartPage.ts:27

      25 |     const notification = this.page.locator('[class*="notification"]').first();
      26 |     await expect(notification).toBeVisible();
    > 27 |     await expect(notification).not.toBeVisible({ timeout: 4000 });
         |                                    ^
      28 |   }
      29 |
      30 |   async addFirstBookToCart() {
        at CartPage.addBookToCart (/home/lain/ite368/book-test/e2e/page-objects/CartPage.ts:27:36)
        at /home/lain/ite368/book-test/e2e/tests/complete-user.spec.ts:74:5

    attachment #1: screenshot (image/png) ──────────────────────────────────────────────────────────
    test-results/tests-complete-user-Comple-13d96-r-journey-with-login-prompt-Desktop-Chrome/test-failed-1.png
    ────────────────────────────────────────────────────────────────────────────────────────────────

    attachment #2: video (video/webm) ──────────────────────────────────────────────────────────────
    test-results/tests-complete-user-Comple-13d96-r-journey-with-login-prompt-Desktop-Chrome/video.webm
    ────────────────────────────────────────────────────────────────────────────────────────────────

    Error Context: ../test-results/tests-complete-user-Comple-13d96-r-journey-with-login-prompt-Desktop-Chrome/error-context.md
]]>
</failure>
<system-out>
<![CDATA[
[[ATTACHMENT|tests-complete-user-Comple-13d96-r-journey-with-login-prompt-Desktop-Chrome/test-failed-1.png]]

[[ATTACHMENT|tests-complete-user-Comple-13d96-r-journey-with-login-prompt-Desktop-Chrome/video.webm]]

[[ATTACHMENT|tests-complete-user-Comple-13d96-r-journey-with-login-prompt-Desktop-Chrome/error-context.md]]
]]>
</system-out>
</testcase>
</testsuite>
<testsuite name="tests/login.spec.ts" timestamp="2025-06-22T11:57:49.616Z" hostname="Desktop Chrome" tests="7" failures="7" skipped="0" time="56.739" errors="0">
<testcase name="Login Functionality › should login with valid credentials" classname="tests/login.spec.ts" time="8.17">
<failure message="login.spec.ts:12:7 should login with valid credentials" type="FAILURE">
<![CDATA[  [Desktop Chrome] › tests/login.spec.ts:12:7 › Login Functionality › should login with valid credentials › Open login modal 

    Error: Timed out 5000ms waiting for expect(locator).toBeVisible()

    Locator: getByTestId('login-modal')
    Expected: visible
    Received: hidden
    Call log:
      - Expect "toBeVisible" with timeout 5000ms
      - waiting for getByTestId('login-modal')
        8 × locator resolved to <div data-testid="login-modal" class="m_9df02822 mantine-Modal-root">…</div>
          - unexpected value "hidden"


       at page-objects/LoginPage.ts:22

      20 |   async openLoginModal() {
      21 |     await this.clickLogin();
    > 22 |     await expect(this.loginModal).toBeVisible();
         |                                   ^
      23 |   }
      24 |
      25 |   async closeLoginModal() {
        at LoginPage.openLoginModal (/home/lain/ite368/book-test/e2e/page-objects/LoginPage.ts:22:35)
        at /home/lain/ite368/book-test/e2e/tests/login.spec.ts:14:7
        at /home/lain/ite368/book-test/e2e/tests/login.spec.ts:13:5

    attachment #1: screenshot (image/png) ──────────────────────────────────────────────────────────
    test-results/tests-login-Login-Function-f999e-ogin-with-valid-credentials-Desktop-Chrome/test-failed-1.png
    ────────────────────────────────────────────────────────────────────────────────────────────────

    attachment #2: video (video/webm) ──────────────────────────────────────────────────────────────
    test-results/tests-login-Login-Function-f999e-ogin-with-valid-credentials-Desktop-Chrome/video.webm
    ────────────────────────────────────────────────────────────────────────────────────────────────

    Error Context: ../test-results/tests-login-Login-Function-f999e-ogin-with-valid-credentials-Desktop-Chrome/error-context.md
]]>
</failure>
<system-out>
<![CDATA[
[[ATTACHMENT|tests-login-Login-Function-f999e-ogin-with-valid-credentials-Desktop-Chrome/test-failed-1.png]]

[[ATTACHMENT|tests-login-Login-Function-f999e-ogin-with-valid-credentials-Desktop-Chrome/video.webm]]

[[ATTACHMENT|tests-login-Login-Function-f999e-ogin-with-valid-credentials-Desktop-Chrome/error-context.md]]
]]>
</system-out>
</testcase>
<testcase name="Login Functionality › should show error for invalid credentials" classname="tests/login.spec.ts" time="8.271">
<failure message="login.spec.ts:30:7 should show error for invalid credentials" type="FAILURE">
<![CDATA[  [Desktop Chrome] › tests/login.spec.ts:30:7 › Login Functionality › should show error for invalid credentials 

    Error: Timed out 5000ms waiting for expect(locator).toBeVisible()

    Locator: getByTestId('login-modal')
    Expected: visible
    Received: hidden
    Call log:
      - Expect "toBeVisible" with timeout 5000ms
      - waiting for getByTestId('login-modal')
        9 × locator resolved to <div data-testid="login-modal" class="m_9df02822 mantine-Modal-root">…</div>
          - unexpected value "hidden"


       at page-objects/LoginPage.ts:22

      20 |   async openLoginModal() {
      21 |     await this.clickLogin();
    > 22 |     await expect(this.loginModal).toBeVisible();
         |                                   ^
      23 |   }
      24 |
      25 |   async closeLoginModal() {
        at LoginPage.openLoginModal (/home/lain/ite368/book-test/e2e/page-objects/LoginPage.ts:22:35)
        at /home/lain/ite368/book-test/e2e/tests/login.spec.ts:31:5

    attachment #1: screenshot (image/png) ──────────────────────────────────────────────────────────
    test-results/tests-login-Login-Function-fffef-ror-for-invalid-credentials-Desktop-Chrome/test-failed-1.png
    ────────────────────────────────────────────────────────────────────────────────────────────────

    attachment #2: video (video/webm) ──────────────────────────────────────────────────────────────
    test-results/tests-login-Login-Function-fffef-ror-for-invalid-credentials-Desktop-Chrome/video.webm
    ────────────────────────────────────────────────────────────────────────────────────────────────

    Error Context: ../test-results/tests-login-Login-Function-fffef-ror-for-invalid-credentials-Desktop-Chrome/error-context.md
]]>
</failure>
<system-out>
<![CDATA[
[[ATTACHMENT|tests-login-Login-Function-fffef-ror-for-invalid-credentials-Desktop-Chrome/test-failed-1.png]]

[[ATTACHMENT|tests-login-Login-Function-fffef-ror-for-invalid-credentials-Desktop-Chrome/video.webm]]

[[ATTACHMENT|tests-login-Login-Function-fffef-ror-for-invalid-credentials-Desktop-Chrome/error-context.md]]
]]>
</system-out>
</testcase>
<testcase name="Login Functionality › should validate required fields" classname="tests/login.spec.ts" time="7.639">
<failure message="login.spec.ts:38:7 should validate required fields" type="FAILURE">
<![CDATA[  [Desktop Chrome] › tests/login.spec.ts:38:7 › Login Functionality › should validate required fields 

    Error: Timed out 5000ms waiting for expect(locator).toBeVisible()

    Locator: getByTestId('login-modal')
    Expected: visible
    Received: hidden
    Call log:
      - Expect "toBeVisible" with timeout 5000ms
      - waiting for getByTestId('login-modal')
        8 × locator resolved to <div data-testid="login-modal" class="m_9df02822 mantine-Modal-root">…</div>
          - unexpected value "hidden"


       at page-objects/LoginPage.ts:22

      20 |   async openLoginModal() {
      21 |     await this.clickLogin();
    > 22 |     await expect(this.loginModal).toBeVisible();
         |                                   ^
      23 |   }
      24 |
      25 |   async closeLoginModal() {
        at LoginPage.openLoginModal (/home/lain/ite368/book-test/e2e/page-objects/LoginPage.ts:22:35)
        at /home/lain/ite368/book-test/e2e/tests/login.spec.ts:39:5

    attachment #1: screenshot (image/png) ──────────────────────────────────────────────────────────
    test-results/tests-login-Login-Function-146a8-ld-validate-required-fields-Desktop-Chrome/test-failed-1.png
    ────────────────────────────────────────────────────────────────────────────────────────────────

    attachment #2: video (video/webm) ──────────────────────────────────────────────────────────────
    test-results/tests-login-Login-Function-146a8-ld-validate-required-fields-Desktop-Chrome/video.webm
    ────────────────────────────────────────────────────────────────────────────────────────────────

    Error Context: ../test-results/tests-login-Login-Function-146a8-ld-validate-required-fields-Desktop-Chrome/error-context.md
]]>
</failure>
<system-out>
<![CDATA[
[[ATTACHMENT|tests-login-Login-Function-146a8-ld-validate-required-fields-Desktop-Chrome/test-failed-1.png]]

[[ATTACHMENT|tests-login-Login-Function-146a8-ld-validate-required-fields-Desktop-Chrome/video.webm]]

[[ATTACHMENT|tests-login-Login-Function-146a8-ld-validate-required-fields-Desktop-Chrome/error-context.md]]
]]>
</system-out>
</testcase>
<testcase name="Login Functionality › should close login modal with escape key" classname="tests/login.spec.ts" time="7.982">
<failure message="login.spec.ts:43:7 should close login modal with escape key" type="FAILURE">
<![CDATA[  [Desktop Chrome] › tests/login.spec.ts:43:7 › Login Functionality › should close login modal with escape key 

    Error: Timed out 5000ms waiting for expect(locator).toBeVisible()

    Locator: getByTestId('login-modal')
    Expected: visible
    Received: hidden
    Call log:
      - Expect "toBeVisible" with timeout 5000ms
      - waiting for getByTestId('login-modal')
        9 × locator resolved to <div data-testid="login-modal" class="m_9df02822 mantine-Modal-root">…</div>
          - unexpected value "hidden"


       at page-objects/LoginPage.ts:22

      20 |   async openLoginModal() {
      21 |     await this.clickLogin();
    > 22 |     await expect(this.loginModal).toBeVisible();
         |                                   ^
      23 |   }
      24 |
      25 |   async closeLoginModal() {
        at LoginPage.openLoginModal (/home/lain/ite368/book-test/e2e/page-objects/LoginPage.ts:22:35)
        at /home/lain/ite368/book-test/e2e/tests/login.spec.ts:44:5

    attachment #1: screenshot (image/png) ──────────────────────────────────────────────────────────
    test-results/tests-login-Login-Function-9155d-login-modal-with-escape-key-Desktop-Chrome/test-failed-1.png
    ────────────────────────────────────────────────────────────────────────────────────────────────

    attachment #2: video (video/webm) ──────────────────────────────────────────────────────────────
    test-results/tests-login-Login-Function-9155d-login-modal-with-escape-key-Desktop-Chrome/video.webm
    ────────────────────────────────────────────────────────────────────────────────────────────────

    Error Context: ../test-results/tests-login-Login-Function-9155d-login-modal-with-escape-key-Desktop-Chrome/error-context.md
]]>
</failure>
<system-out>
<![CDATA[
[[ATTACHMENT|tests-login-Login-Function-9155d-login-modal-with-escape-key-Desktop-Chrome/test-failed-1.png]]

[[ATTACHMENT|tests-login-Login-Function-9155d-login-modal-with-escape-key-Desktop-Chrome/video.webm]]

[[ATTACHMENT|tests-login-Login-Function-9155d-login-modal-with-escape-key-Desktop-Chrome/error-context.md]]
]]>
</system-out>
</testcase>
<testcase name="Login Functionality › should logout successfully" classname="tests/login.spec.ts" time="8.485">
<failure message="login.spec.ts:48:7 should logout successfully" type="FAILURE">
<![CDATA[  [Desktop Chrome] › tests/login.spec.ts:48:7 › Login Functionality › should logout successfully ───

    Error: Timed out 5000ms waiting for expect(locator).toBeVisible()

    Locator: getByTestId('login-modal')
    Expected: visible
    Received: hidden
    Call log:
      - Expect "toBeVisible" with timeout 5000ms
      - waiting for getByTestId('login-modal')
        8 × locator resolved to <div data-testid="login-modal" class="m_9df02822 mantine-Modal-root">…</div>
          - unexpected value "hidden"


       at page-objects/LoginPage.ts:22

      20 |   async openLoginModal() {
      21 |     await this.clickLogin();
    > 22 |     await expect(this.loginModal).toBeVisible();
         |                                   ^
      23 |   }
      24 |
      25 |   async closeLoginModal() {
        at LoginPage.openLoginModal (/home/lain/ite368/book-test/e2e/page-objects/LoginPage.ts:22:35)
        at LoginPage.login (/home/lain/ite368/book-test/e2e/page-objects/LoginPage.ts:40:5)
        at /home/lain/ite368/book-test/e2e/tests/login.spec.ts:50:5

    attachment #1: screenshot (image/png) ──────────────────────────────────────────────────────────
    test-results/tests-login-Login-Functionality-should-logout-successfully-Desktop-Chrome/test-failed-1.png
    ────────────────────────────────────────────────────────────────────────────────────────────────

    attachment #2: video (video/webm) ──────────────────────────────────────────────────────────────
    test-results/tests-login-Login-Functionality-should-logout-successfully-Desktop-Chrome/video.webm
    ────────────────────────────────────────────────────────────────────────────────────────────────

    Error Context: ../test-results/tests-login-Login-Functionality-should-logout-successfully-Desktop-Chrome/error-context.md
]]>
</failure>
<system-out>
<![CDATA[
[[ATTACHMENT|tests-login-Login-Functionality-should-logout-successfully-Desktop-Chrome/test-failed-1.png]]

[[ATTACHMENT|tests-login-Login-Functionality-should-logout-successfully-Desktop-Chrome/video.webm]]

[[ATTACHMENT|tests-login-Login-Functionality-should-logout-successfully-Desktop-Chrome/error-context.md]]
]]>
</system-out>
</testcase>
<testcase name="Login Functionality › should handle SQL injection attempts safely" classname="tests/login.spec.ts" time="8.362">
<failure message="login.spec.ts:58:7 should handle SQL injection attempts safely" type="FAILURE">
<![CDATA[  [Desktop Chrome] › tests/login.spec.ts:58:7 › Login Functionality › should handle SQL injection attempts safely 

    Error: Timed out 5000ms waiting for expect(locator).toBeVisible()

    Locator: getByTestId('login-modal')
    Expected: visible
    Received: hidden
    Call log:
      - Expect "toBeVisible" with timeout 5000ms
      - waiting for getByTestId('login-modal')
        9 × locator resolved to <div data-testid="login-modal" class="m_9df02822 mantine-Modal-root">…</div>
          - unexpected value "hidden"


       at page-objects/LoginPage.ts:22

      20 |   async openLoginModal() {
      21 |     await this.clickLogin();
    > 22 |     await expect(this.loginModal).toBeVisible();
         |                                   ^
      23 |   }
      24 |
      25 |   async closeLoginModal() {
        at LoginPage.openLoginModal (/home/lain/ite368/book-test/e2e/page-objects/LoginPage.ts:22:35)
        at /home/lain/ite368/book-test/e2e/tests/login.spec.ts:59:5

    attachment #1: screenshot (image/png) ──────────────────────────────────────────────────────────
    test-results/tests-login-Login-Function-8a796-L-injection-attempts-safely-Desktop-Chrome/test-failed-1.png
    ────────────────────────────────────────────────────────────────────────────────────────────────

    attachment #2: video (video/webm) ──────────────────────────────────────────────────────────────
    test-results/tests-login-Login-Function-8a796-L-injection-attempts-safely-Desktop-Chrome/video.webm
    ────────────────────────────────────────────────────────────────────────────────────────────────

    Error Context: ../test-results/tests-login-Login-Function-8a796-L-injection-attempts-safely-Desktop-Chrome/error-context.md
]]>
</failure>
<system-out>
<![CDATA[
[[ATTACHMENT|tests-login-Login-Function-8a796-L-injection-attempts-safely-Desktop-Chrome/test-failed-1.png]]

[[ATTACHMENT|tests-login-Login-Function-8a796-L-injection-attempts-safely-Desktop-Chrome/video.webm]]

[[ATTACHMENT|tests-login-Login-Function-8a796-L-injection-attempts-safely-Desktop-Chrome/error-context.md]]
]]>
</system-out>
</testcase>
<testcase name="Login Functionality › should show loading state during login" classname="tests/login.spec.ts" time="7.83">
<failure message="login.spec.ts:66:7 should show loading state during login" type="FAILURE">
<![CDATA[  [Desktop Chrome] › tests/login.spec.ts:66:7 › Login Functionality › should show loading state during login 

    Error: Timed out 5000ms waiting for expect(locator).toBeVisible()

    Locator: getByTestId('login-modal')
    Expected: visible
    Received: hidden
    Call log:
      - Expect "toBeVisible" with timeout 5000ms
      - waiting for getByTestId('login-modal')
        8 × locator resolved to <div data-testid="login-modal" class="m_9df02822 mantine-Modal-root">…</div>
          - unexpected value "hidden"


       at page-objects/LoginPage.ts:22

      20 |   async openLoginModal() {
      21 |     await this.clickLogin();
    > 22 |     await expect(this.loginModal).toBeVisible();
         |                                   ^
      23 |   }
      24 |
      25 |   async closeLoginModal() {
        at LoginPage.openLoginModal (/home/lain/ite368/book-test/e2e/page-objects/LoginPage.ts:22:35)
        at /home/lain/ite368/book-test/e2e/tests/login.spec.ts:67:5

    attachment #1: screenshot (image/png) ──────────────────────────────────────────────────────────
    test-results/tests-login-Login-Function-af041--loading-state-during-login-Desktop-Chrome/test-failed-1.png
    ────────────────────────────────────────────────────────────────────────────────────────────────

    attachment #2: video (video/webm) ──────────────────────────────────────────────────────────────
    test-results/tests-login-Login-Function-af041--loading-state-during-login-Desktop-Chrome/video.webm
    ────────────────────────────────────────────────────────────────────────────────────────────────

    Error Context: ../test-results/tests-login-Login-Function-af041--loading-state-during-login-Desktop-Chrome/error-context.md
]]>
</failure>
<system-out>
<![CDATA[
[[ATTACHMENT|tests-login-Login-Function-af041--loading-state-during-login-Desktop-Chrome/test-failed-1.png]]

[[ATTACHMENT|tests-login-Login-Function-af041--loading-state-during-login-Desktop-Chrome/video.webm]]

[[ATTACHMENT|tests-login-Login-Function-af041--loading-state-during-login-Desktop-Chrome/error-context.md]]
]]>
</system-out>
</testcase>
</testsuite>
<testsuite name="tests/performance.spec.ts" timestamp="2025-06-22T11:57:49.616Z" hostname="Desktop Chrome" tests="3" failures="2" skipped="0" time="36.076" errors="0">
<testcase name="Performance Testing › should load homepage within performance budget" classname="tests/performance.spec.ts" time="2.654">
</testcase>
<testcase name="Performance Testing › should have good Core Web Vitals" classname="tests/performance.spec.ts" time="30.627">
<failure message="performance.spec.ts:16:7 should have good Core Web Vitals" type="FAILURE">
<![CDATA[  [Desktop Chrome] › tests/performance.spec.ts:16:7 › Performance Testing › should have good Core Web Vitals 

    Test timeout of 30000ms exceeded.

    Error: page.evaluate: Test timeout of 30000ms exceeded.

      18 |
      19 |     // Measure largest contentful paint
    > 20 |     const lcp = await page.evaluate(() => {
         |                            ^
      21 |       return new Promise((resolve) => {
      22 |         new PerformanceObserver((list) => {
      23 |           const entries = list.getEntries();
        at /home/lain/ite368/book-test/e2e/tests/performance.spec.ts:20:28

    attachment #1: screenshot (image/png) ──────────────────────────────────────────────────────────
    test-results/tests-performance-Performa-9ef7b-d-have-good-Core-Web-Vitals-Desktop-Chrome/test-failed-1.png
    ────────────────────────────────────────────────────────────────────────────────────────────────

    attachment #2: video (video/webm) ──────────────────────────────────────────────────────────────
    test-results/tests-performance-Performa-9ef7b-d-have-good-Core-Web-Vitals-Desktop-Chrome/video.webm
    ────────────────────────────────────────────────────────────────────────────────────────────────

    Error Context: ../test-results/tests-performance-Performa-9ef7b-d-have-good-Core-Web-Vitals-Desktop-Chrome/error-context.md
]]>
</failure>
<system-out>
<![CDATA[
[[ATTACHMENT|tests-performance-Performa-9ef7b-d-have-good-Core-Web-Vitals-Desktop-Chrome/test-failed-1.png]]

[[ATTACHMENT|tests-performance-Performa-9ef7b-d-have-good-Core-Web-Vitals-Desktop-Chrome/video.webm]]

[[ATTACHMENT|tests-performance-Performa-9ef7b-d-have-good-Core-Web-Vitals-Desktop-Chrome/error-context.md]]
]]>
</system-out>
</testcase>
<testcase name="Performance Testing › should handle search without performance degradation" classname="tests/performance.spec.ts" time="2.795">
<failure message="performance.spec.ts:34:7 should handle search without performance degradation" type="FAILURE">
<![CDATA[  [Desktop Chrome] › tests/performance.spec.ts:34:7 › Performance Testing › should handle search without performance degradation 

    Error: expect(received).toBeLessThan(expected)

    Expected: < 1000
    Received:   1332

      51 |
      52 |     // Search should complete within 1 second
    > 53 |     expect(searchTime).toBeLessThan(1000);
         |                        ^
      54 |   });
      55 | });
      56 |
        at /home/lain/ite368/book-test/e2e/tests/performance.spec.ts:53:24

    attachment #1: screenshot (image/png) ──────────────────────────────────────────────────────────
    test-results/tests-performance-Performa-9cb58-out-performance-degradation-Desktop-Chrome/test-failed-1.png
    ────────────────────────────────────────────────────────────────────────────────────────────────

    attachment #2: video (video/webm) ──────────────────────────────────────────────────────────────
    test-results/tests-performance-Performa-9cb58-out-performance-degradation-Desktop-Chrome/video.webm
    ────────────────────────────────────────────────────────────────────────────────────────────────

    Error Context: ../test-results/tests-performance-Performa-9cb58-out-performance-degradation-Desktop-Chrome/error-context.md
]]>
</failure>
<system-out>
<![CDATA[
[[ATTACHMENT|tests-performance-Performa-9cb58-out-performance-degradation-Desktop-Chrome/test-failed-1.png]]

[[ATTACHMENT|tests-performance-Performa-9cb58-out-performance-degradation-Desktop-Chrome/video.webm]]

[[ATTACHMENT|tests-performance-Performa-9cb58-out-performance-degradation-Desktop-Chrome/error-context.md]]
]]>
</system-out>
</testcase>
</testsuite>
<testsuite name="tests/responsive.spec.ts" timestamp="2025-06-22T11:57:49.616Z" hostname="Desktop Chrome" tests="4" failures="2" skipped="0" time="22.299" errors="0">
<testcase name="Responsive Design Testing › should work on mobile viewport" classname="tests/responsive.spec.ts" time="7.382">
<failure message="responsive.spec.ts:6:7 should work on mobile viewport" type="FAILURE">
<![CDATA[  [Desktop Chrome] › tests/responsive.spec.ts:6:7 › Responsive Design Testing › should work on mobile viewport 

    Error: Timed out 4000ms waiting for expect(locator).not.toBeVisible()

    Locator: locator('[class*="notification"]').first()
    Expected: not visible
    Received: visible
    Call log:
      - Expect "not toBeVisible" with timeout 4000ms
      - waiting for locator('[class*="notification"]').first()
        8 × locator resolved to <div role="alert" id="mantine-07w0u8nj0" class="m_5ed0edd0 mantine-Notifications-notification m_a513464 mantine-Notification-root">…</div>
          - unexpected value "visible"


       at page-objects/CartPage.ts:27

      25 |     const notification = this.page.locator('[class*="notification"]').first();
      26 |     await expect(notification).toBeVisible();
    > 27 |     await expect(notification).not.toBeVisible({ timeout: 4000 });
         |                                    ^
      28 |   }
      29 |
      30 |   async addFirstBookToCart() {
        at CartPage.addBookToCart (/home/lain/ite368/book-test/e2e/page-objects/CartPage.ts:27:36)
        at /home/lain/ite368/book-test/e2e/tests/responsive.spec.ts:19:5

    attachment #1: screenshot (image/png) ──────────────────────────────────────────────────────────
    test-results/tests-responsive-Responsiv-a3fa3-uld-work-on-mobile-viewport-Desktop-Chrome/test-failed-1.png
    ────────────────────────────────────────────────────────────────────────────────────────────────

    attachment #2: video (video/webm) ──────────────────────────────────────────────────────────────
    test-results/tests-responsive-Responsiv-a3fa3-uld-work-on-mobile-viewport-Desktop-Chrome/video.webm
    ────────────────────────────────────────────────────────────────────────────────────────────────

    Error Context: ../test-results/tests-responsive-Responsiv-a3fa3-uld-work-on-mobile-viewport-Desktop-Chrome/error-context.md
]]>
</failure>
<system-out>
<![CDATA[
[[ATTACHMENT|tests-responsive-Responsiv-a3fa3-uld-work-on-mobile-viewport-Desktop-Chrome/test-failed-1.png]]

[[ATTACHMENT|tests-responsive-Responsiv-a3fa3-uld-work-on-mobile-viewport-Desktop-Chrome/video.webm]]

[[ATTACHMENT|tests-responsive-Responsiv-a3fa3-uld-work-on-mobile-viewport-Desktop-Chrome/error-context.md]]
]]>
</system-out>
</testcase>
<testcase name="Responsive Design Testing › should work on tablet viewport" classname="tests/responsive.spec.ts" time="2.328">
</testcase>
<testcase name="Responsive Design Testing › should work on desktop viewport" classname="tests/responsive.spec.ts" time="8.72">
<failure message="responsive.spec.ts:41:7 should work on desktop viewport" type="FAILURE">
<![CDATA[  [Desktop Chrome] › tests/responsive.spec.ts:41:7 › Responsive Design Testing › should work on desktop viewport 

    Error: Timed out 4000ms waiting for expect(locator).not.toBeVisible()

    Locator: locator('[class*="notification"]').first()
    Expected: not visible
    Received: visible
    Call log:
      - Expect "not toBeVisible" with timeout 4000ms
      - waiting for locator('[class*="notification"]').first()
        8 × locator resolved to <div role="alert" id="mantine-fm8y6tmc4" class="m_5ed0edd0 mantine-Notifications-notification m_a513464 mantine-Notification-root">…</div>
          - unexpected value "visible"


       at page-objects/CartPage.ts:27

      25 |     const notification = this.page.locator('[class*="notification"]').first();
      26 |     await expect(notification).toBeVisible();
    > 27 |     await expect(notification).not.toBeVisible({ timeout: 4000 });
         |                                    ^
      28 |   }
      29 |
      30 |   async addFirstBookToCart() {
        at CartPage.addBookToCart (/home/lain/ite368/book-test/e2e/page-objects/CartPage.ts:27:36)
        at /home/lain/ite368/book-test/e2e/tests/responsive.spec.ts:52:5

    attachment #1: screenshot (image/png) ──────────────────────────────────────────────────────────
    test-results/tests-responsive-Responsiv-f2b36-ld-work-on-desktop-viewport-Desktop-Chrome/test-failed-1.png
    ────────────────────────────────────────────────────────────────────────────────────────────────

    attachment #2: video (video/webm) ──────────────────────────────────────────────────────────────
    test-results/tests-responsive-Responsiv-f2b36-ld-work-on-desktop-viewport-Desktop-Chrome/video.webm
    ────────────────────────────────────────────────────────────────────────────────────────────────

    Error Context: ../test-results/tests-responsive-Responsiv-f2b36-ld-work-on-desktop-viewport-Desktop-Chrome/error-context.md
]]>
</failure>
<system-out>
<![CDATA[
[[ATTACHMENT|tests-responsive-Responsiv-f2b36-ld-work-on-desktop-viewport-Desktop-Chrome/test-failed-1.png]]

[[ATTACHMENT|tests-responsive-Responsiv-f2b36-ld-work-on-desktop-viewport-Desktop-Chrome/video.webm]]

[[ATTACHMENT|tests-responsive-Responsiv-f2b36-ld-work-on-desktop-viewport-Desktop-Chrome/error-context.md]]
]]>
</system-out>
</testcase>
<testcase name="Responsive Design Testing › should handle viewport changes gracefully" classname="tests/responsive.spec.ts" time="3.869">
</testcase>
</testsuite>
<testsuite name="tests/search.spec.ts" timestamp="2025-06-22T11:57:49.616Z" hostname="Desktop Chrome" tests="11" failures="0" skipped="0" time="41.314" errors="0">
<testcase name="Search Functionality › should search for books by title" classname="tests/search.spec.ts" time="4.588">
</testcase>
<testcase name="Search Functionality › should search for books by author" classname="tests/search.spec.ts" time="3.313">
</testcase>
<testcase name="Search Functionality › should search with Enter key" classname="tests/search.spec.ts" time="3.328">
</testcase>
<testcase name="Search Functionality › should handle case-insensitive search" classname="tests/search.spec.ts" time="3.519">
</testcase>
<testcase name="Search Functionality › should handle partial matches" classname="tests/search.spec.ts" time="3.923">
</testcase>
<testcase name="Search Functionality › should show no results for non-existent books" classname="tests/search.spec.ts" time="3.652">
</testcase>
<testcase name="Search Functionality › should handle special characters in search" classname="tests/search.spec.ts" time="3.457">
</testcase>
<testcase name="Search Functionality › should clear search and show all books" classname="tests/search.spec.ts" time="4.502">
</testcase>
<testcase name="Search Functionality › should handle empty search" classname="tests/search.spec.ts" time="3.42">
</testcase>
<testcase name="Search Functionality › should persist search query in input field" classname="tests/search.spec.ts" time="3.998">
</testcase>
<testcase name="Search Functionality › should maintain search functionality on mobile" classname="tests/search.spec.ts" time="3.614">
</testcase>
</testsuite>
<testsuite name="tests/accessibility.spec.ts" timestamp="2025-06-22T11:57:49.616Z" hostname="Desktop Firefox" tests="8" failures="4" skipped="0" time="51.643" errors="0">
<testcase name="Accessibility Testing › should have proper page title" classname="tests/accessibility.spec.ts" time="2.639">
</testcase>
<testcase name="Accessibility Testing › should have proper heading structure" classname="tests/accessibility.spec.ts" time="4.354">
</testcase>
<testcase name="Accessibility Testing › should support keyboard navigation" classname="tests/accessibility.spec.ts" time="10.219">
<failure message="accessibility.spec.ts:19:7 should support keyboard navigation" type="FAILURE">
<![CDATA[  [Desktop Firefox] › tests/accessibility.spec.ts:19:7 › Accessibility Testing › should support keyboard navigation 

    Error: Timed out 5000ms waiting for expect(locator).toBeFocused()

    Locator: getByTestId('search-input')
    Expected: focused
    Received: inactive
    Call log:
      - Expect "toBeFocused" with timeout 5000ms
      - waiting for getByTestId('search-input')
        8 × locator resolved to <input value="" aria-invalid="false" data-variant="default" id="mantine-j9oxa46l5" data-testid="search-input" placeholder="Search for books, authors, or genres..." class="m_8fb7ebe7 mantine-Input-input mantine-TextInput-input"/>
          - unexpected value "inactive"


      20 |     // Test tab navigation through interactive elements
      21 |     await page.keyboard.press("Tab"); // Should focus search input
    > 22 |     await expect(page.getByTestId("search-input")).toBeFocused();
         |                                                    ^
      23 |
      24 |     await page.keyboard.press("Tab"); // Should focus search button
      25 |     await expect(page.getByTestId("search-button")).toBeFocused();
        at /home/lain/ite368/book-test/e2e/tests/accessibility.spec.ts:22:52

[...]
    test-results/tests-performance-Performa-9ef7b-d-have-good-Core-Web-Vitals-Mobile-Safari/test-failed-1.png
    ────────────────────────────────────────────────────────────────────────────────────────────────

    attachment #2: video (video/webm) ──────────────────────────────────────────────────────────────
    test-results/tests-performance-Performa-9ef7b-d-have-good-Core-Web-Vitals-Mobile-Safari/video.webm
    ────────────────────────────────────────────────────────────────────────────────────────────────

    Error Context: ../test-results/tests-performance-Performa-9ef7b-d-have-good-Core-Web-Vitals-Mobile-Safari/error-context.md
]]>
</failure>
<system-out>
<![CDATA[
[[ATTACHMENT|tests-performance-Performa-9ef7b-d-have-good-Core-Web-Vitals-Mobile-Safari/test-failed-1.png]]

[[ATTACHMENT|tests-performance-Performa-9ef7b-d-have-good-Core-Web-Vitals-Mobile-Safari/video.webm]]

[[ATTACHMENT|tests-performance-Performa-9ef7b-d-have-good-Core-Web-Vitals-Mobile-Safari/error-context.md]]
]]>
</system-out>
</testcase>
<testcase name="Performance Testing › should handle search without performance degradation" classname="tests/performance.spec.ts" time="3.012">
<failure message="performance.spec.ts:34:7 should handle search without performance degradation" type="FAILURE">
<![CDATA[  [Mobile Safari] › tests/performance.spec.ts:34:7 › Performance Testing › should handle search without performance degradation 

    Error: expect(received).toBeLessThan(expected)

    Expected: < 1000
    Received:   1175

      51 |
      52 |     // Search should complete within 1 second
    > 53 |     expect(searchTime).toBeLessThan(1000);
         |                        ^
      54 |   });
      55 | });
      56 |
        at /home/lain/ite368/book-test/e2e/tests/performance.spec.ts:53:24

    attachment #1: screenshot (image/png) ──────────────────────────────────────────────────────────
    test-results/tests-performance-Performa-9cb58-out-performance-degradation-Mobile-Safari/test-failed-1.png
    ────────────────────────────────────────────────────────────────────────────────────────────────

    attachment #2: video (video/webm) ──────────────────────────────────────────────────────────────
    test-results/tests-performance-Performa-9cb58-out-performance-degradation-Mobile-Safari/video.webm
    ────────────────────────────────────────────────────────────────────────────────────────────────

    Error Context: ../test-results/tests-performance-Performa-9cb58-out-performance-degradation-Mobile-Safari/error-context.md
]]>
</failure>
<system-out>
<![CDATA[
[[ATTACHMENT|tests-performance-Performa-9cb58-out-performance-degradation-Mobile-Safari/test-failed-1.png]]

[[ATTACHMENT|tests-performance-Performa-9cb58-out-performance-degradation-Mobile-Safari/video.webm]]

[[ATTACHMENT|tests-performance-Performa-9cb58-out-performance-degradation-Mobile-Safari/error-context.md]]
]]>
</system-out>
</testcase>
</testsuite>
<testsuite name="tests/responsive.spec.ts" timestamp="2025-06-22T11:57:49.616Z" hostname="Mobile Safari" tests="4" failures="2" skipped="0" time="28.806" errors="0">
<testcase name="Responsive Design Testing › should work on mobile viewport" classname="tests/responsive.spec.ts" time="9.135">
<failure message="responsive.spec.ts:6:7 should work on mobile viewport" type="FAILURE">
<![CDATA[  [Mobile Safari] › tests/responsive.spec.ts:6:7 › Responsive Design Testing › should work on mobile viewport 

    Error: Timed out 4000ms waiting for expect(locator).not.toBeVisible()

    Locator: locator('[class*="notification"]').first()
    Expected: not visible
    Received: visible
    Call log:
      - Expect "not toBeVisible" with timeout 4000ms
      - waiting for locator('[class*="notification"]').first()
        8 × locator resolved to <div role="alert" id="mantine-6mvj3jk7k" class="m_5ed0edd0 mantine-Notifications-notification m_a513464 mantine-Notification-root">…</div>
          - unexpected value "visible"


       at page-objects/CartPage.ts:27

      25 |     const notification = this.page.locator('[class*="notification"]').first();
      26 |     await expect(notification).toBeVisible();
    > 27 |     await expect(notification).not.toBeVisible({ timeout: 4000 });
         |                                    ^
      28 |   }
      29 |
      30 |   async addFirstBookToCart() {
        at CartPage.addBookToCart (/home/lain/ite368/book-test/e2e/page-objects/CartPage.ts:27:36)
        at /home/lain/ite368/book-test/e2e/tests/responsive.spec.ts:19:5

    attachment #1: screenshot (image/png) ──────────────────────────────────────────────────────────
    test-results/tests-responsive-Responsiv-a3fa3-uld-work-on-mobile-viewport-Mobile-Safari/test-failed-1.png
    ────────────────────────────────────────────────────────────────────────────────────────────────

    attachment #2: video (video/webm) ──────────────────────────────────────────────────────────────
    test-results/tests-responsive-Responsiv-a3fa3-uld-work-on-mobile-viewport-Mobile-Safari/video.webm
    ────────────────────────────────────────────────────────────────────────────────────────────────

    Error Context: ../test-results/tests-responsive-Responsiv-a3fa3-uld-work-on-mobile-viewport-Mobile-Safari/error-context.md
]]>
</failure>
<system-out>
<![CDATA[
[[ATTACHMENT|tests-responsive-Responsiv-a3fa3-uld-work-on-mobile-viewport-Mobile-Safari/test-failed-1.png]]

[[ATTACHMENT|tests-responsive-Responsiv-a3fa3-uld-work-on-mobile-viewport-Mobile-Safari/video.webm]]

[[ATTACHMENT|tests-responsive-Responsiv-a3fa3-uld-work-on-mobile-viewport-Mobile-Safari/error-context.md]]
]]>
</system-out>
</testcase>
<testcase name="Responsive Design Testing › should work on tablet viewport" classname="tests/responsive.spec.ts" time="2.851">
</testcase>
<testcase name="Responsive Design Testing › should work on desktop viewport" classname="tests/responsive.spec.ts" time="10.747">
<failure message="responsive.spec.ts:41:7 should work on desktop viewport" type="FAILURE">
<![CDATA[  [Mobile Safari] › tests/responsive.spec.ts:41:7 › Responsive Design Testing › should work on desktop viewport 

    Error: Timed out 4000ms waiting for expect(locator).not.toBeVisible()

    Locator: locator('[class*="notification"]').first()
    Expected: not visible
    Received: visible
    Call log:
      - Expect "not toBeVisible" with timeout 4000ms
      - waiting for locator('[class*="notification"]').first()
        8 × locator resolved to <div role="alert" id="mantine-4cal6slyy" class="m_5ed0edd0 mantine-Notifications-notification m_a513464 mantine-Notification-root">…</div>
          - unexpected value "visible"


       at page-objects/CartPage.ts:27

      25 |     const notification = this.page.locator('[class*="notification"]').first();
      26 |     await expect(notification).toBeVisible();
    > 27 |     await expect(notification).not.toBeVisible({ timeout: 4000 });
         |                                    ^
      28 |   }
      29 |
      30 |   async addFirstBookToCart() {
        at CartPage.addBookToCart (/home/lain/ite368/book-test/e2e/page-objects/CartPage.ts:27:36)
        at /home/lain/ite368/book-test/e2e/tests/responsive.spec.ts:52:5

    attachment #1: screenshot (image/png) ──────────────────────────────────────────────────────────
    test-results/tests-responsive-Responsiv-f2b36-ld-work-on-desktop-viewport-Mobile-Safari/test-failed-1.png
    ────────────────────────────────────────────────────────────────────────────────────────────────

    attachment #2: video (video/webm) ──────────────────────────────────────────────────────────────
    test-results/tests-responsive-Responsiv-f2b36-ld-work-on-desktop-viewport-Mobile-Safari/video.webm
    ────────────────────────────────────────────────────────────────────────────────────────────────

    Error Context: ../test-results/tests-responsive-Responsiv-f2b36-ld-work-on-desktop-viewport-Mobile-Safari/error-context.md
]]>
</failure>
<system-out>
<![CDATA[
[[ATTACHMENT|tests-responsive-Responsiv-f2b36-ld-work-on-desktop-viewport-Mobile-Safari/test-failed-1.png]]

[[ATTACHMENT|tests-responsive-Responsiv-f2b36-ld-work-on-desktop-viewport-Mobile-Safari/video.webm]]

[[ATTACHMENT|tests-responsive-Responsiv-f2b36-ld-work-on-desktop-viewport-Mobile-Safari/error-context.md]]
]]>
</system-out>
</testcase>
<testcase name="Responsive Design Testing › should handle viewport changes gracefully" classname="tests/responsive.spec.ts" time="6.073">
</testcase>
</testsuite>
<testsuite name="tests/search.spec.ts" timestamp="2025-06-22T11:57:49.616Z" hostname="Mobile Safari" tests="11" failures="5" skipped="0" time="60.741" errors="0">
<testcase name="Search Functionality › should search for books by title" classname="tests/search.spec.ts" time="5.593">
<failure message="search.spec.ts:12:7 should search for books by title" type="FAILURE">
<![CDATA[  [Mobile Safari] › tests/search.spec.ts:12:7 › Search Functionality › should search for books by title › Verify search results 

    Error: expect(received).toBe(expected) // Object.is equality

    Expected: 1
    Received: 6

      18 |       await searchPage.expectBookInResults("The Great Gatsby");
      19 |       const bookCount = await searchPage.getBookCount();
    > 20 |       expect(bookCount).toBe(1);
         |                         ^
      21 |     });
      22 |   });
      23 |
        at /home/lain/ite368/book-test/e2e/tests/search.spec.ts:20:25
        at /home/lain/ite368/book-test/e2e/tests/search.spec.ts:17:5

    attachment #1: screenshot (image/png) ──────────────────────────────────────────────────────────
    test-results/tests-search-Search-Functi-71b6e-d-search-for-books-by-title-Mobile-Safari/test-failed-1.png
    ────────────────────────────────────────────────────────────────────────────────────────────────

    attachment #2: video (video/webm) ──────────────────────────────────────────────────────────────
    test-results/tests-search-Search-Functi-71b6e-d-search-for-books-by-title-Mobile-Safari/video.webm
    ────────────────────────────────────────────────────────────────────────────────────────────────

    Error Context: ../test-results/tests-search-Search-Functi-71b6e-d-search-for-books-by-title-Mobile-Safari/error-context.md
]]>
</failure>
<system-out>
<![CDATA[
[[ATTACHMENT|tests-search-Search-Functi-71b6e-d-search-for-books-by-title-Mobile-Safari/test-failed-1.png]]

[[ATTACHMENT|tests-search-Search-Functi-71b6e-d-search-for-books-by-title-Mobile-Safari/video.webm]]

[[ATTACHMENT|tests-search-Search-Functi-71b6e-d-search-for-books-by-title-Mobile-Safari/error-context.md]]
]]>
</system-out>
</testcase>
<testcase name="Search Functionality › should search for books by author" classname="tests/search.spec.ts" time="5.264">
</testcase>
<testcase name="Search Functionality › should search with Enter key" classname="tests/search.spec.ts" time="4.171">
</testcase>
<testcase name="Search Functionality › should handle case-insensitive search" classname="tests/search.spec.ts" time="4.62">
</testcase>
<testcase name="Search Functionality › should handle partial matches" classname="tests/search.spec.ts" time="4.258">
</testcase>
<testcase name="Search Functionality › should show no results for non-existent books" classname="tests/search.spec.ts" time="9.337">
<failure message="search.spec.ts:44:7 should show no results for non-existent books" type="FAILURE">
<![CDATA[  [Mobile Safari] › tests/search.spec.ts:44:7 › Search Functionality › should show no results for non-existent books 

    Error: Timed out 5000ms waiting for expect(locator).toBeVisible()

    Locator: getByTestId('no-books-message')
    Expected: visible
    Received: <element(s) not found>
    Call log:
      - Expect "toBeVisible" with timeout 5000ms
      - waiting for getByTestId('no-books-message')


       at page-objects/SearchPage.ts:58

      56 |
      57 |   async expectNoResults() {
    > 58 |     await expect(this.noBooksMessage).toBeVisible();
         |                                       ^
      59 |     await expect(this.noBooksMessage).toContainText("No books found");
      60 |   }
      61 |
        at SearchPage.expectNoResults (/home/lain/ite368/book-test/e2e/page-objects/SearchPage.ts:58:39)
        at /home/lain/ite368/book-test/e2e/tests/search.spec.ts:46:22

    attachment #1: screenshot (image/png) ──────────────────────────────────────────────────────────
    test-results/tests-search-Search-Functi-66b50-ults-for-non-existent-books-Mobile-Safari/test-failed-1.png
    ────────────────────────────────────────────────────────────────────────────────────────────────

    attachment #2: video (video/webm) ──────────────────────────────────────────────────────────────
    test-results/tests-search-Search-Functi-66b50-ults-for-non-existent-books-Mobile-Safari/video.webm
    ────────────────────────────────────────────────────────────────────────────────────────────────

    Error Context: ../test-results/tests-search-Search-Functi-66b50-ults-for-non-existent-books-Mobile-Safari/error-context.md
]]>
</failure>
<system-out>
<![CDATA[
[[ATTACHMENT|tests-search-Search-Functi-66b50-ults-for-non-existent-books-Mobile-Safari/test-failed-1.png]]

[[ATTACHMENT|tests-search-Search-Functi-66b50-ults-for-non-existent-books-Mobile-Safari/video.webm]]

[[ATTACHMENT|tests-search-Search-Functi-66b50-ults-for-non-existent-books-Mobile-Safari/error-context.md]]
]]>
</system-out>
</testcase>
<testcase name="Search Functionality › should handle special characters in search" classname="tests/search.spec.ts" time="9.666">
<failure message="search.spec.ts:49:7 should handle special characters in search" type="FAILURE">
<![CDATA[  [Mobile Safari] › tests/search.spec.ts:49:7 › Search Functionality › should handle special characters in search 

    Error: Timed out 5000ms waiting for expect(locator).toBeVisible()

    Locator: getByTestId('no-books-message')
    Expected: visible
    Received: <element(s) not found>
    Call log:
      - Expect "toBeVisible" with timeout 5000ms
      - waiting for getByTestId('no-books-message')


       at page-objects/SearchPage.ts:58

      56 |
      57 |   async expectNoResults() {
    > 58 |     await expect(this.noBooksMessage).toBeVisible();
         |                                       ^
      59 |     await expect(this.noBooksMessage).toContainText("No books found");
      60 |   }
      61 |
        at SearchPage.expectNoResults (/home/lain/ite368/book-test/e2e/page-objects/SearchPage.ts:58:39)
        at /home/lain/ite368/book-test/e2e/tests/search.spec.ts:51:22

    attachment #1: screenshot (image/png) ──────────────────────────────────────────────────────────
    test-results/tests-search-Search-Functi-c3a97-pecial-characters-in-search-Mobile-Safari/test-failed-1.png
    ────────────────────────────────────────────────────────────────────────────────────────────────

    attachment #2: video (video/webm) ──────────────────────────────────────────────────────────────
    test-results/tests-search-Search-Functi-c3a97-pecial-characters-in-search-Mobile-Safari/video.webm
    ────────────────────────────────────────────────────────────────────────────────────────────────

    Error Context: ../test-results/tests-search-Search-Functi-c3a97-pecial-characters-in-search-Mobile-Safari/error-context.md
]]>
</failure>
<system-out>
<![CDATA[
[[ATTACHMENT|tests-search-Search-Functi-c3a97-pecial-characters-in-search-Mobile-Safari/test-failed-1.png]]

[[ATTACHMENT|tests-search-Search-Functi-c3a97-pecial-characters-in-search-Mobile-Safari/video.webm]]

[[ATTACHMENT|tests-search-Search-Functi-c3a97-pecial-characters-in-search-Mobile-Safari/error-context.md]]
]]>
</system-out>
</testcase>
<testcase name="Search Functionality › should clear search and show all books" classname="tests/search.spec.ts" time="4.923">
<failure message="search.spec.ts:54:7 should clear search and show all books" type="FAILURE">
<![CDATA[  [Mobile Safari] › tests/search.spec.ts:54:7 › Search Functionality › should clear search and show all books 

    Error: expect(received).toBe(expected) // Object.is equality

    Expected: 1
    Received: 6

      56 |     await searchPage.search("gatsby");
      57 |     const filteredCount = await searchPage.getBookCount();
    > 58 |     expect(filteredCount).toBe(1);
         |                           ^
      59 |
      60 |     // Clear search
      61 |     await searchPage.clearSearch();
        at /home/lain/ite368/book-test/e2e/tests/search.spec.ts:58:27

    attachment #1: screenshot (image/png) ──────────────────────────────────────────────────────────
    test-results/tests-search-Search-Functi-f8661-r-search-and-show-all-books-Mobile-Safari/test-failed-1.png
    ────────────────────────────────────────────────────────────────────────────────────────────────

    attachment #2: video (video/webm) ──────────────────────────────────────────────────────────────
    test-results/tests-search-Search-Functi-f8661-r-search-and-show-all-books-Mobile-Safari/video.webm
    ────────────────────────────────────────────────────────────────────────────────────────────────

    Error Context: ../test-results/tests-search-Search-Functi-f8661-r-search-and-show-all-books-Mobile-Safari/error-context.md
]]>
</failure>
<system-out>
<![CDATA[
[[ATTACHMENT|tests-search-Search-Functi-f8661-r-search-and-show-all-books-Mobile-Safari/test-failed-1.png]]

[[ATTACHMENT|tests-search-Search-Functi-f8661-r-search-and-show-all-books-Mobile-Safari/video.webm]]

[[ATTACHMENT|tests-search-Search-Functi-f8661-r-search-and-show-all-books-Mobile-Safari/error-context.md]]
]]>
</system-out>
</testcase>
<testcase name="Search Functionality › should handle empty search" classname="tests/search.spec.ts" time="4.653">
</testcase>
<testcase name="Search Functionality › should persist search query in input field" classname="tests/search.spec.ts" time="4.678">
<failure message="search.spec.ts:70:7 should persist search query in input field" type="FAILURE">
<![CDATA[  [Mobile Safari] › tests/search.spec.ts:70:7 › Search Functionality › should persist search query in input field 

    Error: expect(received).toBe(expected) // Object.is equality

    Expected: "orwell"
    Received: ""

      73 |
      74 |     const inputValue = await searchPage.getSearchInputValue();
    > 75 |     expect(inputValue).toBe(query);
         |                        ^
      76 |   });
      77 |
      78 |   test("should maintain search functionality on mobile", async ({ page }) => {
        at /home/lain/ite368/book-test/e2e/tests/search.spec.ts:75:24

    attachment #1: screenshot (image/png) ──────────────────────────────────────────────────────────
    test-results/tests-search-Search-Functi-5c309-search-query-in-input-field-Mobile-Safari/test-failed-1.png
    ────────────────────────────────────────────────────────────────────────────────────────────────

    attachment #2: video (video/webm) ──────────────────────────────────────────────────────────────
    test-results/tests-search-Search-Functi-5c309-search-query-in-input-field-Mobile-Safari/video.webm
    ────────────────────────────────────────────────────────────────────────────────────────────────

    Error Context: ../test-results/tests-search-Search-Functi-5c309-search-query-in-input-field-Mobile-Safari/error-context.md
]]>
</failure>
<system-out>
<![CDATA[
[[ATTACHMENT|tests-search-Search-Functi-5c309-search-query-in-input-field-Mobile-Safari/test-failed-1.png]]

[[ATTACHMENT|tests-search-Search-Functi-5c309-search-query-in-input-field-Mobile-Safari/video.webm]]

[[ATTACHMENT|tests-search-Search-Functi-5c309-search-query-in-input-field-Mobile-Safari/error-context.md]]
]]>
</system-out>
</testcase>
<testcase name="Search Functionality › should maintain search functionality on mobile" classname="tests/search.spec.ts" time="3.578">
</testcase>
</testsuite>
</testsuites>